<testsuites id="" name="" tests="10" failures="0" skipped="0" errors="0" time="4.281930999994278">
<testsuite name="firstComponentTest.spec.js" timestamp="1664736184733" hostname="" tests="2" failures="0" skipped="0" time="1.83" errors="0">
<testcase name="Intro text should load" classname="[Desktop Chrome] › firstComponentTest.spec.js › Intro text should load" time="0.933">
</testcase>
<testcase name="TopHeader should not load with dropdown active" classname="[Desktop Chrome] › firstComponentTest.spec.js › TopHeader should not load with dropdown active" time="0.897">
</testcase>
</testsuite>
<testsuite name="firstComponentTest.spec.js" timestamp="1664736184733" hostname="" tests="2" failures="0" skipped="0" time="1.836" errors="0">
<testcase name="Intro text should load" classname="[Desktop Firefox] › firstComponentTest.spec.js › Intro text should load" time="1.23">
</testcase>
<testcase name="TopHeader should not load with dropdown active" classname="[Desktop Firefox] › firstComponentTest.spec.js › TopHeader should not load with dropdown active" time="0.606">
</testcase>
</testsuite>
<testsuite name="firstComponentTest.spec.js" timestamp="1664736184733" hostname="" tests="2" failures="0" skipped="0" time="3.16" errors="0">
<testcase name="Intro text should load" classname="[Desktop Safari] › firstComponentTest.spec.js › Intro text should load" time="1.804">
</testcase>
<testcase name="TopHeader should not load with dropdown active" classname="[Desktop Safari] › firstComponentTest.spec.js › TopHeader should not load with dropdown active" time="1.356">
</testcase>
</testsuite>
<testsuite name="firstComponentTest.spec.js" timestamp="1664736184733" hostname="" tests="2" failures="0" skipped="0" time="2.078" errors="0">
<testcase name="Intro text should load" classname="[iPhone 11] › firstComponentTest.spec.js › Intro text should load" time="1.272">
</testcase>
<testcase name="TopHeader should not load with dropdown active" classname="[iPhone 11] › firstComponentTest.spec.js › TopHeader should not load with dropdown active" time="0.806">
</testcase>
</testsuite>
<testsuite name="firstComponentTest.spec.js" timestamp="1664736184733" hostname="" tests="2" failures="0" skipped="0" time="1.843" errors="0">
<testcase name="Intro text should load" classname="[Pixel 2] › firstComponentTest.spec.js › Intro text should load" time="0.953">
</testcase>
<testcase name="TopHeader should not load with dropdown active" classname="[Pixel 2] › firstComponentTest.spec.js › TopHeader should not load with dropdown active" time="0.89">
</testcase>
</testsuite>
</testsuites>