<testsuites id="" name="" tests="30" failures="2" skipped="0" errors="0" time="9.009459999978542">
<testsuite name="firstComponentTest.spec.js" timestamp="1664753952273" hostname="" tests="6" failures="0" skipped="0" time="4.392" errors="0">
<testcase name="Intro text should load" classname="[Desktop Chrome] › firstComponentTest.spec.js › Intro text should load" time="0.966">
</testcase>
<testcase name="On load, TopNav:  NavMenuLinks:  should be visible when on desktop viewports" classname="[Desktop Chrome] › firstComponentTest.spec.js › On load, TopNav:  › NavMenuLinks:  › should be visible when on desktop viewports" time="1.147">
</testcase>
<testcase name="On load, TopNav:  NavMenuLinks:  should not be visible when on mobile viewports, but tonav-mobile-button should be visible." classname="[Desktop Chrome] › firstComponentTest.spec.js › On load, TopNav:  › NavMenuLinks:  › should not be visible when on mobile viewports, but tonav-mobile-button should be visible." time="0.21">
</testcase>
<testcase name="On load, TopNav:  CardSection:  should have 3 cards" classname="[Desktop Chrome] › firstComponentTest.spec.js › On load, TopNav:  › CardSection:  › should have 3 cards" time="0.894">
</testcase>
<testcase name="On load, TopNav:  CardSection:  should have 3 cards with the correct titles &amp; tesxts" classname="[Desktop Chrome] › firstComponentTest.spec.js › On load, TopNav:  › CardSection:  › should have 3 cards with the correct titles &amp; tesxts" time="0.974">
</testcase>
<testcase name="Clicking mon the topNav Menu Button on Mobile viewport should load dropdown with topNavLinks" classname="[Desktop Chrome] › firstComponentTest.spec.js › Clicking mon the topNav Menu Button on Mobile viewport should load dropdown with topNavLinks" time="0.201">
</testcase>
</testsuite>
<testsuite name="firstComponentTest.spec.js" timestamp="1664753952273" hostname="" tests="6" failures="0" skipped="0" time="4.038" errors="0">
<testcase name="Intro text should load" classname="[Desktop Firefox] › firstComponentTest.spec.js › Intro text should load" time="1.296">
</testcase>
<testcase name="On load, TopNav:  NavMenuLinks:  should be visible when on desktop viewports" classname="[Desktop Firefox] › firstComponentTest.spec.js › On load, TopNav:  › NavMenuLinks:  › should be visible when on desktop viewports" time="0.807">
</testcase>
<testcase name="On load, TopNav:  NavMenuLinks:  should not be visible when on mobile viewports, but tonav-mobile-button should be visible." classname="[Desktop Firefox] › firstComponentTest.spec.js › On load, TopNav:  › NavMenuLinks:  › should not be visible when on mobile viewports, but tonav-mobile-button should be visible." time="0.181">
</testcase>
<testcase name="On load, TopNav:  CardSection:  should have 3 cards" classname="[Desktop Firefox] › firstComponentTest.spec.js › On load, TopNav:  › CardSection:  › should have 3 cards" time="0.691">
</testcase>
<testcase name="On load, TopNav:  CardSection:  should have 3 cards with the correct titles &amp; tesxts" classname="[Desktop Firefox] › firstComponentTest.spec.js › On load, TopNav:  › CardSection:  › should have 3 cards with the correct titles &amp; tesxts" time="0.816">
</testcase>
<testcase name="Clicking mon the topNav Menu Button on Mobile viewport should load dropdown with topNavLinks" classname="[Desktop Firefox] › firstComponentTest.spec.js › Clicking mon the topNav Menu Button on Mobile viewport should load dropdown with topNavLinks" time="0.247">
</testcase>
</testsuite>
<testsuite name="firstComponentTest.spec.js" timestamp="1664753952273" hostname="" tests="6" failures="1" skipped="0" time="7.113" errors="0">
<testcase name="Intro text should load" classname="[Desktop Safari] › firstComponentTest.spec.js › Intro text should load" time="1.997">
</testcase>
<testcase name="On load, TopNav:  NavMenuLinks:  should be visible when on desktop viewports" classname="[Desktop Safari] › firstComponentTest.spec.js › On load, TopNav:  › NavMenuLinks:  › should be visible when on desktop viewports" time="1.372">
</testcase>
<testcase name="On load, TopNav:  NavMenuLinks:  should not be visible when on mobile viewports, but tonav-mobile-button should be visible." classname="[Desktop Safari] › firstComponentTest.spec.js › On load, TopNav:  › NavMenuLinks:  › should not be visible when on mobile viewports, but tonav-mobile-button should be visible." time="0.381">
</testcase>
<testcase name="On load, TopNav:  CardSection:  should have 3 cards" classname="[Desktop Safari] › firstComponentTest.spec.js › On load, TopNav:  › CardSection:  › should have 3 cards" time="1.689">
<failure message="firstComponentTest.spec.js:45:5 should have 3 cards" type="FAILURE">
<![CDATA[  [Desktop Safari] › firstComponentTest.spec.js:45:5 › On load, TopNav:  › CardSection:  › should have 3 cards 

    Error: expect(received).toBeVisible()
    Call log:
      - expect.toBeVisible with timeout 5000ms
      - waiting for selector "#card-1"


      48 |       const card2 = await page.locator('#card-2')
      49 |       const card3 = await page.locator('#card-3')
    > 50 |       expect(card1).toBeVisible()
         |                     ^
      51 |       expect(card2).toBeVisible()
      52 |       expect(card3).toBeVisible()
      53 |     })

        at C:\Users\Me\Documents\github\gregsoares.com\tests\firstComponentTest.spec.js:50:21

    attachment #1: screenshot (image/png) ----------------------------------------------------------
    test-results\firstComponentTest-On-load-TopNav-CardSection-should-have-3-cards-Desktop-Safari\test-failed-1.png
    ------------------------------------------------------------------------------------------------
]]>
</failure>
<system-out>
<![CDATA[
[[ATTACHMENT|..\test-results\firstComponentTest-On-load-TopNav-CardSection-should-have-3-cards-Desktop-Safari\test-failed-1.png]]
]]>
</system-out>
</testcase>
<testcase name="On load, TopNav:  CardSection:  should have 3 cards with the correct titles &amp; tesxts" classname="[Desktop Safari] › firstComponentTest.spec.js › On load, TopNav:  › CardSection:  › should have 3 cards with the correct titles &amp; tesxts" time="1.443">
</testcase>
<testcase name="Clicking mon the topNav Menu Button on Mobile viewport should load dropdown with topNavLinks" classname="[Desktop Safari] › firstComponentTest.spec.js › Clicking mon the topNav Menu Button on Mobile viewport should load dropdown with topNavLinks" time="0.231">
</testcase>
</testsuite>
<testsuite name="firstComponentTest.spec.js" timestamp="1664753952273" hostname="" tests="6" failures="1" skipped="0" time="5.439" errors="0">
<testcase name="Intro text should load" classname="[iPhone 11] › firstComponentTest.spec.js › Intro text should load" time="1.27">
</testcase>
<testcase name="On load, TopNav:  NavMenuLinks:  should be visible when on desktop viewports" classname="[iPhone 11] › firstComponentTest.spec.js › On load, TopNav:  › NavMenuLinks:  › should be visible when on desktop viewports" time="0.171">
</testcase>
<testcase name="On load, TopNav:  NavMenuLinks:  should not be visible when on mobile viewports, but tonav-mobile-button should be visible." classname="[iPhone 11] › firstComponentTest.spec.js › On load, TopNav:  › NavMenuLinks:  › should not be visible when on mobile viewports, but tonav-mobile-button should be visible." time="0.977">
</testcase>
<testcase name="On load, TopNav:  CardSection:  should have 3 cards" classname="[iPhone 11] › firstComponentTest.spec.js › On load, TopNav:  › CardSection:  › should have 3 cards" time="0.358">
<failure message="firstComponentTest.spec.js:45:5 should have 3 cards" type="FAILURE">
<![CDATA[  [iPhone 11] › firstComponentTest.spec.js:45:5 › On load, TopNav:  › CardSection:  › should have 3 cards 

    Error: expect(received).toBeVisible()
    Call log:
      - expect.toBeVisible with timeout 5000ms
      - waiting for selector "#card-1"


      48 |       const card2 = await page.locator('#card-2')
      49 |       const card3 = await page.locator('#card-3')
    > 50 |       expect(card1).toBeVisible()
         |                     ^
      51 |       expect(card2).toBeVisible()
      52 |       expect(card3).toBeVisible()
      53 |     })

        at C:\Users\Me\Documents\github\gregsoares.com\tests\firstComponentTest.spec.js:50:21

    attachment #1: screenshot (image/png) ----------------------------------------------------------
    test-results\firstComponentTest-On-load-TopNav-CardSection-should-have-3-cards-iPhone-11\test-failed-1.png
    ------------------------------------------------------------------------------------------------
]]>
</failure>
<system-out>
<![CDATA[
[[ATTACHMENT|..\test-results\firstComponentTest-On-load-TopNav-CardSection-should-have-3-cards-iPhone-11\test-failed-1.png]]
]]>
</system-out>
</testcase>
<testcase name="On load, TopNav:  CardSection:  should have 3 cards with the correct titles &amp; tesxts" classname="[iPhone 11] › firstComponentTest.spec.js › On load, TopNav:  › CardSection:  › should have 3 cards with the correct titles &amp; tesxts" time="1.357">
</testcase>
<testcase name="Clicking mon the topNav Menu Button on Mobile viewport should load dropdown with topNavLinks" classname="[iPhone 11] › firstComponentTest.spec.js › Clicking mon the topNav Menu Button on Mobile viewport should load dropdown with topNavLinks" time="1.306">
</testcase>
</testsuite>
<testsuite name="firstComponentTest.spec.js" timestamp="1664753952273" hostname="" tests="6" failures="0" skipped="0" time="5.209" errors="0">
<testcase name="Intro text should load" classname="[Pixel 2] › firstComponentTest.spec.js › Intro text should load" time="0.979">
</testcase>
<testcase name="On load, TopNav:  NavMenuLinks:  should be visible when on desktop viewports" classname="[Pixel 2] › firstComponentTest.spec.js › On load, TopNav:  › NavMenuLinks:  › should be visible when on desktop viewports" time="0.199">
</testcase>
<testcase name="On load, TopNav:  NavMenuLinks:  should not be visible when on mobile viewports, but tonav-mobile-button should be visible." classname="[Pixel 2] › firstComponentTest.spec.js › On load, TopNav:  › NavMenuLinks:  › should not be visible when on mobile viewports, but tonav-mobile-button should be visible." time="0.867">
</testcase>
<testcase name="On load, TopNav:  CardSection:  should have 3 cards" classname="[Pixel 2] › firstComponentTest.spec.js › On load, TopNav:  › CardSection:  › should have 3 cards" time="0.86">
</testcase>
<testcase name="On load, TopNav:  CardSection:  should have 3 cards with the correct titles &amp; tesxts" classname="[Pixel 2] › firstComponentTest.spec.js › On load, TopNav:  › CardSection:  › should have 3 cards with the correct titles &amp; tesxts" time="1.378">
</testcase>
<testcase name="Clicking mon the topNav Menu Button on Mobile viewport should load dropdown with topNavLinks" classname="[Pixel 2] › firstComponentTest.spec.js › Clicking mon the topNav Menu Button on Mobile viewport should load dropdown with topNavLinks" time="0.926">
</testcase>
</testsuite>
</testsuites>